#
# A fatal error has been detected by the Java Runtime Environment:
#
#  SIGSEGV (0xb) at pc=0x00000001131cf027, pid=20541, tid=0x0000000000013a07
#
# JRE version: Java(TM) SE Runtime Environment (8.0_181-b13) (build 1.8.0_181-b13)
# Java VM: Java HotSpot(TM) 64-Bit Server VM (25.181-b13 mixed mode bsd-amd64 compressed oops)
# Problematic frame:
# C  [libawt_lwawt.dylib+0x1c027]  OGLSD_SetScratchSurface+0x49
#
# Failed to write core dump. Core dumps have been disabled. To enable core dumping, try "ulimit -c unlimited" before starting Java again
#
# If you would like to submit a bug report, please visit:
#   http://bugreport.java.com/bugreport/crash.jsp
# The crash happened outside the Java Virtual Machine in native code.
# See problematic frame for where to report the bug.
#

---------------  T H R E A D  ---------------

Current thread (0x00007f95ca804800):  JavaThread "Java2D Queue Flusher" daemon [_thread_in_native, id=80391, stack(0x0000700005a2f000,0x0000700005b2f000)]

siginfo: si_signo: 11 (SIGSEGV), si_code: 0 (unknown), si_addr: 0x0000000000000000

Registers:
RAX=0x00000000ffffffff, RBX=0x0400000100000002, RCX=0x0000000000000047, RDX=0x00000001131f0b14
RSP=0x0000700005b2e710, RBP=0x0000700005b2e730, RSI=0x00007f95c96a48e0, RDI=0x00007f95ca8049f8
R8 =0x00000000000030a0, R9 =0x00007f95c9542d48, R10=0x0000000113fb49b8, R11=0x0000000113fb4998
R12=0x0000000000000000, R13=0x0000700005b2e820, R14=0x00007f95ca8049f8, R15=0x00007f95ca804800
RIP=0x00000001131cf027, EFLAGS=0x0000000000010202, ERR=0x0000000000000000
  TRAPNO=0x000000000000000d

Top of Stack: (sp=0x0000700005b2e710)
0x0000700005b2e710:   00007f95c96a48e0 0000000000000000
0x0000700005b2e720:   00007f95caa3cc10 00007f95ca804800
0x0000700005b2e730:   0000700005b2e7b0 00000001131f05f2
0x0000700005b2e740:   3f8000003f800000 0000000000000000
0x0000700005b2e750:   4683f400c677e800 4683f400c677e800
0x0000700005b2e760:   000000003f000000 0000000000000000
0x0000700005b2e770:   3fdc1c1c1c231dd3 00007f95caa3cc20
0x0000700005b2e780:   3fe0101000101010 00007f95ca8049f8
0x0000700005b2e790:   00000001119a9178 0000000000000000
0x0000700005b2e7a0:   0000700005b2e898 00007f95ca804800
0x0000700005b2e7b0:   0000700005b2e800 0000000113fb4a2a
0x0000700005b2e7c0:   00000007abcf5d58 0000000000000000
0x0000700005b2e7d0:   0000000000000064 00007f95c9788598
0x0000700005b2e7e0:   0000700005b2e840 000000010df51a64
0x0000700005b2e7f0:   0000000000000005 00007f95ca804800
0x0000700005b2e800:   0000700005b2e880 0000000113bca2bd
0x0000700005b2e810:   0000700005b2e880 0000000113bca2bd
0x0000700005b2e820:   0000000000000020 00007f95caa3cc00
0x0000700005b2e830:   00000007abcf5d70 00000007abcf5d58
0x0000700005b2e840:   0000700005b2e840 00000001119a9225
0x0000700005b2e850:   0000700005b2e898 00000001119aa210
0x0000700005b2e860:   0000000129262e10 00000001119a9248
0x0000700005b2e870:   0000700005b2e820 0000700005b2e8a0
0x0000700005b2e880:   0000700005b2e9f0 0000000113fc7884
0x0000700005b2e890:   0000000000000020 00000007abcf5d58
0x0000700005b2e8a0:   0000000000000041 00000001119acd40
0x0000700005b2e8b0:   0000000000000000 0000000000000000
0x0000700005b2e8c0:   0000000000000000 0000700000000000
0x0000700005b2e8d0:   00000000000000dc 0000000000000000
0x0000700005b2e8e0:   0000700005b2e988 00007f95ca804800
0x0000700005b2e8f0:   0000700005b2e960 0000000113be3c9f
0x0000700005b2e900:   0000000100000001 00000007aadfa6b8 

Instructions: (pc=0x00000001131cf027)
0x00000001131cf007:   c0 e9 82 00 00 00 48 8b 5e 10 48 85 db 75 0e bf
0x00000001131cf017:   01 00 00 00 48 8d 15 a8 96 03 00 eb d6 49 89 fe
0x00000001131cf027:   4c 8b 3b 30 c0 e8 ff bc 02 00 49 8b 3f 49 89 c4
0x00000001131cf037:   48 8b 35 02 29 06 00 30 c0 e8 4d be 02 00 48 85 

Register to memory mapping:

RAX=0x00000000ffffffff is an unknown value
RBX=0x0400000100000002 is an unknown value
RCX=0x0000000000000047 is an unknown value
RDX=0x00000001131f0b14: Java_sun_java2d_opengl_OGLRenderQueue_flushBuffer+0xb5c in /Library/Java/JavaVirtualMachines/jdk1.8.0_181.jdk/Contents/Home/jre/lib/libawt_lwawt.dylib at 0x00000001131b3000
RSP=0x0000700005b2e710 is pointing into the stack for thread: 0x00007f95ca804800
RBP=0x0000700005b2e730 is pointing into the stack for thread: 0x00007f95ca804800
RSI=0x00007f95c96a48e0 is an unknown value
RDI=0x00007f95ca8049f8 is an unknown value
R8 =0x00000000000030a0 is an unknown value
R9 =0x00007f95c9542d48 is an unknown value
R10=0x0000000113fb49b8 is at entry_point+56 in (nmethod*)0x0000000113fb4810
R11=0x0000000113fb4998 is at entry_point+24 in (nmethod*)0x0000000113fb4810
R12=0x0000000000000000 is an unknown value
R13=0x0000700005b2e820 is pointing into the stack for thread: 0x00007f95ca804800
R14=0x00007f95ca8049f8 is an unknown value
R15=0x00007f95ca804800 is a thread


Stack: [0x0000700005a2f000,0x0000700005b2f000],  sp=0x0000700005b2e710,  free space=1021k
Native frames: (J=compiled Java code, j=interpreted, Vv=VM code, C=native code)
C  [libawt_lwawt.dylib+0x1c027]  OGLSD_SetScratchSurface+0x49
C  [libawt_lwawt.dylib+0x3d5f2]  Java_sun_java2d_opengl_OGLRenderQueue_flushBuffer+0x63a
J 1193  sun.java2d.opengl.OGLRenderQueue.flushBuffer(JI)V (0 bytes) @ 0x0000000113fb4a2a [0x0000000113fb4980+0xaa]
j  sun.java2d.opengl.OGLRenderQueue.flushBuffer()V+21
J 1215% C1 sun.java2d.opengl.OGLRenderQueue$QueueFlusher.run()V (234 bytes) @ 0x0000000113fc7884 [0x0000000113fc6ec0+0x9c4]
v  ~StubRoutines::call_stub
V  [libjvm.dylib+0x2efcba]
V  [libjvm.dylib+0x2f045e]
V  [libjvm.dylib+0x2f060a]
V  [libjvm.dylib+0x34aef9]
V  [libjvm.dylib+0x56fa7f]
V  [libjvm.dylib+0x57117a]
V  [libjvm.dylib+0x48e342]
C  [libsystem_pthread.dylib+0x32eb]  _pthread_body+0x7e
C  [libsystem_pthread.dylib+0x6249]  _pthread_start+0x42
C  [libsystem_pthread.dylib+0x240d]  thread_start+0xd
C  0x0000000000000000

Java frames: (J=compiled Java code, j=interpreted, Vv=VM code)
J 1193  sun.java2d.opengl.OGLRenderQueue.flushBuffer(JI)V (0 bytes) @ 0x0000000113fb49b8 [0x0000000113fb4980+0x38]
j  sun.java2d.opengl.OGLRenderQueue.flushBuffer()V+21
J 1215% C1 sun.java2d.opengl.OGLRenderQueue$QueueFlusher.run()V (234 bytes) @ 0x0000000113fc7884 [0x0000000113fc6ec0+0x9c4]
v  ~StubRoutines::call_stub

---------------  P R O C E S S  ---------------

Java Threads: ( => current thread )
  0x00007f95cab03800 JavaThread "TimerQueue" daemon [_thread_blocked, id=38595, stack(0x0000700005cb8000,0x0000700005db8000)]
  0x00007f95c9944000 JavaThread "Java2D Disposer" daemon [_thread_blocked, id=77843, stack(0x0000700005b32000,0x0000700005c32000)]
=>0x00007f95ca804800 JavaThread "Java2D Queue Flusher" daemon [_thread_in_native, id=80391, stack(0x0000700005a2f000,0x0000700005b2f000)]
  0x00007f95ca148000 JavaThread "DestroyJavaVM" [_thread_blocked, id=9475, stack(0x00007000047f3000,0x00007000048f3000)]
  0x00007f95cb0d6000 JavaThread "AWT-EventQueue-0" [_thread_blocked, id=80907, stack(0x000070000592c000,0x0000700005a2c000)]
  0x00007f95ca122800 JavaThread "AWT-Shutdown" [_thread_blocked, id=39467, stack(0x000070000561d000,0x000070000571d000)]
  0x00007f95c98ff800 JavaThread "AppKit Thread" daemon [_thread_in_native, id=775, stack(0x00007ffee20b6000,0x00007ffee28b6000)]
  0x00007f95ca013000 JavaThread "Service Thread" daemon [_thread_blocked, id=17923, stack(0x0000700005417000,0x0000700005517000)]
  0x00007f95c9844800 JavaThread "C1 CompilerThread2" daemon [_thread_blocked, id=18435, stack(0x0000700005314000,0x0000700005414000)]
  0x00007f95ca829000 JavaThread "C2 CompilerThread1" daemon [_thread_blocked, id=14083, stack(0x0000700005211000,0x0000700005311000)]
  0x00007f95ca803000 JavaThread "C2 CompilerThread0" daemon [_thread_blocked, id=13571, stack(0x000070000510e000,0x000070000520e000)]
  0x00007f95cb024800 JavaThread "Signal Dispatcher" daemon [_thread_blocked, id=13059, stack(0x000070000500b000,0x000070000510b000)]
  0x00007f95ca003800 JavaThread "Finalizer" daemon [_thread_blocked, id=20483, stack(0x0000700004f08000,0x0000700005008000)]
  0x00007f95cb022800 JavaThread "Reference Handler" daemon [_thread_blocked, id=11779, stack(0x0000700004e05000,0x0000700004f05000)]

Other Threads:
  0x00007f95c9810000 VMThread [stack: 0x0000700004d02000,0x0000700004e02000] [id=20995]
  0x00007f95ca827800 WatcherThread [stack: 0x000070000551a000,0x000070000561a000] [id=14595]

VM state:not at safepoint (normal execution)

VM Mutex/Monitor currently owned by a thread: None

Heap:
 PSYoungGen      total 18944K, used 4312K [0x00000007aab00000, 0x00000007ac000000, 0x00000007c0000000)
  eden space 16384K, 10% used [0x00000007aab00000,0x00000007aacb6628,0x00000007abb00000)
  from space 2560K, 99% used [0x00000007abb00000,0x00000007abd7fcc0,0x00000007abd80000)
  to   space 2560K, 0% used [0x00000007abd80000,0x00000007abd80000,0x00000007ac000000)
 ParOldGen       total 44032K, used 4766K [0x0000000780000000, 0x0000000782b00000, 0x00000007aab00000)
  object space 44032K, 10% used [0x0000000780000000,0x00000007804a7970,0x0000000782b00000)
 Metaspace       used 11547K, capacity 11794K, committed 12032K, reserved 1060864K
  class space    used 1432K, capacity 1533K, committed 1536K, reserved 1048576K

Card table byte_map: [0x000000010efb4000,0x000000010f1b5000] byte_map_base: 0x000000010b3b4000

Marking Bits: (ParMarkBitMap*) 0x000000010e4f9cd0
 Begin Bits: [0x000000010f30b000, 0x000000011030b000)
 End Bits:   [0x000000011030b000, 0x000000011130b000)

Polling page: 0x000000010d3c3000

CodeCache: size=245760Kb used=4278Kb max_used=4289Kb free=241481Kb
 bounds [0x0000000113bc2000, 0x0000000114002000, 0x0000000122bc2000]
 total_blobs=1781 nmethods=1258 adapters=436
 compilation: enabled

Compilation events (10 events):
Event: 10690.243 Thread 0x00007f95c9844800 1271       3       sun.font.FontDesignMetrics::charsWidth (201 bytes)
Event: 10690.322 Thread 0x00007f95c9844800 nmethod 1271 0x0000000113ff0250 code [0x0000000113ff0560, 0x0000000113ff19e8]
Event: 10690.821 Thread 0x00007f95ca829000 1272       4       java.util.Arrays::binarySearch0 (95 bytes)
Event: 10690.892 Thread 0x00007f95c9844800 1270       3       javax.swing.plaf.ComponentUI::update (36 bytes)
Event: 10690.931 Thread 0x00007f95c9844800 nmethod 1270 0x0000000113ce3d50 code [0x0000000113ce3f20, 0x0000000113ce48f8]
Event: 10690.939 Thread 0x00007f95c9844800 1269       3       apple.laf.JRSUIConstants$State::apply (6 bytes)
Event: 10690.940 Thread 0x00007f95c9844800 nmethod 1269 0x0000000113cc3d10 code [0x0000000113cc3e80, 0x0000000113cc4050]
Event: 10690.941 Thread 0x00007f95c9844800 1273       3       sun.misc.VM::addFinalRefCount (24 bytes)
Event: 10690.941 Thread 0x00007f95c9844800 nmethod 1273 0x0000000113cc1310 code [0x0000000113cc1480, 0x0000000113cc1630]
Event: 10690.945 Thread 0x00007f95ca829000 nmethod 1272 0x0000000113cc3810 code [0x0000000113cc3960, 0x0000000113cc3b18]

GC Heap History (2 events):
Event: 10685.656 GC heap before
{Heap before GC invocations=1 (full 0):
 PSYoungGen      total 18944K, used 16364K [0x00000007aab00000, 0x00000007ac000000, 0x00000007c0000000)
  eden space 16384K, 99% used [0x00000007aab00000,0x00000007abafb220,0x00000007abb00000)
  from space 2560K, 0% used [0x00000007abd80000,0x00000007abd80000,0x00000007ac000000)
  to   space 2560K, 0% used [0x00000007abb00000,0x00000007abb00000,0x00000007abd80000)
 ParOldGen       total 44032K, used 0K [0x0000000780000000, 0x0000000782b00000, 0x00000007aab00000)
  object space 44032K, 0% used [0x0000000780000000,0x0000000780000000,0x0000000782b00000)
 Metaspace       used 11542K, capacity 11794K, committed 12032K, reserved 1060864K
  class space    used 1432K, capacity 1533K, committed 1536K, reserved 1048576K
Event: 10689.510 GC heap after
Heap after GC invocations=1 (full 0):
 PSYoungGen      total 18944K, used 2559K [0x00000007aab00000, 0x00000007ac000000, 0x00000007c0000000)
  eden space 16384K, 0% used [0x00000007aab00000,0x00000007aab00000,0x00000007abb00000)
  from space 2560K, 99% used [0x00000007abb00000,0x00000007abd7fcc0,0x00000007abd80000)
  to   space 2560K, 0% used [0x00000007abd80000,0x00000007abd80000,0x00000007ac000000)
 ParOldGen       total 44032K, used 4766K [0x0000000780000000, 0x0000000782b00000, 0x00000007aab00000)
  object space 44032K, 10% used [0x0000000780000000,0x00000007804a7970,0x0000000782b00000)
 Metaspace       used 11542K, capacity 11794K, committed 12032K, reserved 1060864K
  class space    used 1432K, capacity 1533K, committed 1536K, reserved 1048576K
}

Deoptimization events (10 events):
Event: 5.092 Thread 0x00007f95cb0d6000 Uncommon trap: reason=unstable_if action=reinterpret pc=0x0000000113dc3ec0 method=java.lang.String.toLowerCase(Ljava/util/Locale;)Ljava/lang/String; @ 85
Event: 7.092 Thread 0x00007f95cb0d6000 Uncommon trap: reason=unstable_if action=reinterpret pc=0x0000000113e33170 method=java.awt.Component.inside(II)Z @ 1
Event: 11.867 Thread 0x00007f95cb0d6000 Uncommon trap: reason=unstable_if action=reinterpret pc=0x0000000113ef5af8 method=java.util.concurrent.locks.ReentrantLock$Sync.tryRelease(I)Z @ 28
Event: 11.869 Thread 0x00007f95cb0d6000 Uncommon trap: reason=unstable_if action=reinterpret pc=0x0000000113ef6724 method=java.util.concurrent.locks.ReentrantLock$Sync.tryRelease(I)Z @ 28
Event: 17.105 Thread 0x00007f95cb0d6000 Uncommon trap: reason=unstable_if action=reinterpret pc=0x0000000113f195bc method=java.awt.Container.getMouseEventTargetImpl(IIZLjava/awt/Container$EventTargetFilter;ZZ)Ljava/awt/Component; @ 218
Event: 17.238 Thread 0x00007f95cb0d6000 Uncommon trap: reason=class_check action=maybe_recompile pc=0x0000000113d2c67c method=java.lang.String.equals(Ljava/lang/Object;)Z @ 8
Event: 17.238 Thread 0x00007f95cb0d6000 Uncommon trap: reason=class_check action=maybe_recompile pc=0x0000000113d2c67c method=java.lang.String.equals(Ljava/lang/Object;)Z @ 8
Event: 17.238 Thread 0x00007f95cb0d6000 Uncommon trap: reason=class_check action=maybe_recompile pc=0x0000000113d2c67c method=java.lang.String.equals(Ljava/lang/Object;)Z @ 8
Event: 17.238 Thread 0x00007f95cb0d6000 Uncommon trap: reason=class_check action=maybe_recompile pc=0x0000000113d2c67c method=java.lang.String.equals(Ljava/lang/Object;)Z @ 8
Event: 512.894 Thread 0x00007f95c98ff800 Uncommon trap: reason=unstable_if action=reinterpret pc=0x0000000113f312bc method=java.awt.EventQueue.coalesceEvent(Ljava/awt/AWTEvent;I)Z @ 56

Classes redefined (0 events):
No events

Internal exceptions (10 events):
Event: 0.133 Thread 0x00007f95ca804800 Exception <a 'java/lang/NoSuchMethodError': Method sun.misc.Unsafe.defineClass(Ljava/lang/String;[BII)Ljava/lang/Class; name or signature does not match> (0x00000007aab07cb0) thrown at [/Users/java_re/workspace/8-2-build-macosx-x86_64/jdk8u181/11358/hotsp
Event: 0.134 Thread 0x00007f95ca804800 Exception <a 'java/lang/NoSuchMethodError': Method sun.misc.Unsafe.prefetchRead(Ljava/lang/Object;J)V name or signature does not match> (0x00000007aab07f98) thrown at [/Users/java_re/workspace/8-2-build-macosx-x86_64/jdk8u181/11358/hotspot/src/share/vm/pr
Event: 0.304 Thread 0x00007f95ca804800 Exception <a 'java/security/PrivilegedActionException'> (0x00000007aab91ed0) thrown at [/Users/java_re/workspace/8-2-build-macosx-x86_64/jdk8u181/11358/hotspot/src/share/vm/prims/jvm.cpp, line 1435]
Event: 0.305 Thread 0x00007f95ca804800 Exception <a 'java/security/PrivilegedActionException'> (0x00000007aab920e0) thrown at [/Users/java_re/workspace/8-2-build-macosx-x86_64/jdk8u181/11358/hotspot/src/share/vm/prims/jvm.cpp, line 1435]
Event: 0.305 Thread 0x00007f95ca804800 Exception <a 'java/security/PrivilegedActionException'> (0x00000007aab95410) thrown at [/Users/java_re/workspace/8-2-build-macosx-x86_64/jdk8u181/11358/hotspot/src/share/vm/prims/jvm.cpp, line 1435]
Event: 0.305 Thread 0x00007f95ca804800 Exception <a 'java/security/PrivilegedActionException'> (0x00000007aab95620) thrown at [/Users/java_re/workspace/8-2-build-macosx-x86_64/jdk8u181/11358/hotspot/src/share/vm/prims/jvm.cpp, line 1435]
Event: 0.426 Thread 0x00007f95ca804800 Exception <a 'java/lang/NoSuchFieldError': method resolution failed> (0x00000007aacc5c50) thrown at [/Users/java_re/workspace/8-2-build-macosx-x86_64/jdk8u181/11358/hotspot/src/share/vm/prims/methodHandles.cpp, line 1167]
Event: 0.429 Thread 0x00007f95ca804800 Exception <a 'java/lang/NoSuchFieldError': method resolution failed> (0x00000007aacd3420) thrown at [/Users/java_re/workspace/8-2-build-macosx-x86_64/jdk8u181/11358/hotspot/src/share/vm/prims/methodHandles.cpp, line 1167]
Event: 0.815 Thread 0x00007f95ca804800 Exception <a 'java/io/FileNotFoundException'> (0x00000007aad4dfa0) thrown at [/Users/java_re/workspace/8-2-build-macosx-x86_64/jdk8u181/11358/hotspot/src/share/vm/prims/jni.cpp, line 709]
Event: 0.815 Thread 0x00007f95ca804800 Exception <a 'java/io/FileNotFoundException'> (0x00000007aad4eaf0) thrown at [/Users/java_re/workspace/8-2-build-macosx-x86_64/jdk8u181/11358/hotspot/src/share/vm/prims/jni.cpp, line 709]

Events (10 events):
Event: 10690.255 Executing VM operation: RevokeBias
Event: 10690.267 Executing VM operation: RevokeBias done
Event: 10690.269 Executing VM operation: RevokeBias
Event: 10690.269 Executing VM operation: RevokeBias done
Event: 10690.269 Executing VM operation: RevokeBias
Event: 10690.270 Executing VM operation: RevokeBias done
Event: 10690.270 Executing VM operation: RevokeBias
Event: 10690.270 Executing VM operation: RevokeBias done
Event: 10690.270 Executing VM operation: BulkRevokeBias
Event: 10690.270 Executing VM operation: BulkRevokeBias done


Dynamic libraries:
0x00007fff3a44c000 	/System/Library/Frameworks/Cocoa.framework/Versions/A/Cocoa
0x00007fff461ef000 	/System/Library/Frameworks/Security.framework/Versions/A/Security
0x00007fff390df000 	/System/Library/Frameworks/ApplicationServices.framework/Versions/A/ApplicationServices
0x00007fff66302000 	/usr/lib/libz.1.dylib
0x00007fff63c5c000 	/usr/lib/libSystem.B.dylib
0x00007fff65493000 	/usr/lib/libobjc.A.dylib
0x00007fff3acc1000 	/System/Library/Frameworks/CoreFoundation.framework/Versions/A/CoreFoundation
0x00007fff3cf43000 	/System/Library/Frameworks/Foundation.framework/Versions/C/Foundation
0x00007fff382d8000 	/System/Library/Frameworks/AppKit.framework/Versions/C/AppKit
0x00007fff3a84a000 	/System/Library/Frameworks/CoreData.framework/Versions/A/CoreData
0x00007fff5d722000 	/System/Library/PrivateFrameworks/RemoteViewServices.framework/Versions/A/RemoteViewServices
0x00007fff61999000 	/System/Library/PrivateFrameworks/UIFoundation.framework/Versions/A/UIFoundation
0x00007fff6307d000 	/System/Library/PrivateFrameworks/XCTTargetBootstrap.framework/Versions/A/XCTTargetBootstrap
0x00007fff3abd0000 	/System/Library/Frameworks/CoreDisplay.framework/Versions/A/CoreDisplay
0x00007fff58437000 	/System/Library/PrivateFrameworks/IconServices.framework/Versions/A/IconServices
0x00007fff3f864000 	/System/Library/Frameworks/Metal.framework/Versions/A/Metal
0x00007fff4f97a000 	/System/Library/PrivateFrameworks/DesktopServicesPriv.framework/Versions/A/DesktopServicesPriv
0x00007fff647f6000 	/usr/lib/libenergytrace.dylib
0x00007fff5fe80000 	/System/Library/PrivateFrameworks/SkyLight.framework/Versions/A/SkyLight
0x00007fff3b107000 	/System/Library/Frameworks/CoreGraphics.framework/Versions/A/CoreGraphics
0x00007fff370a4000 	/System/Library/Frameworks/Accelerate.framework/Versions/A/Accelerate
0x00007fff3d68c000 	/System/Library/Frameworks/IOSurface.framework/Versions/A/IOSurface
0x00007fff4f7e6000 	/System/Library/PrivateFrameworks/DFRFoundation.framework/Versions/A/DFRFoundation
0x00007fff395c2000 	/System/Library/Frameworks/AudioToolbox.framework/Versions/A/AudioToolbox
0x00007fff3983b000 	/System/Library/Frameworks/AudioUnit.framework/Versions/A/AudioUnit
0x00007fff4f87b000 	/System/Library/PrivateFrameworks/DataDetectorsCore.framework/Versions/A/DataDetectorsCore
0x00007fff39f4f000 	/System/Library/Frameworks/Carbon.framework/Versions/A/Frameworks/HIToolbox.framework/Versions/A/HIToolbox
0x00007fff6494f000 	/usr/lib/libicucore.A.dylib
0x00007fff45763000 	/System/Library/Frameworks/QuartzCore.framework/Versions/A/QuartzCore
0x00007fff3a324000 	/System/Library/Frameworks/Carbon.framework/Versions/A/Frameworks/SpeechRecognition.framework/Versions/A/SpeechRecognition
0x00007fff63db0000 	/usr/lib/libauto.dylib
0x00007fff661f6000 	/usr/lib/libxml2.2.dylib
0x00007fff4f3c1000 	/System/Library/PrivateFrameworks/CoreUI.framework/Versions/A/CoreUI
0x00007fff3a735000 	/System/Library/Frameworks/CoreAudio.framework/Versions/A/CoreAudio
0x00007fff3cd78000 	/System/Library/Frameworks/DiskArbitration.framework/Versions/A/DiskArbitration
0x00007fff64bfd000 	/usr/lib/liblangid.dylib
0x00007fff59867000 	/System/Library/PrivateFrameworks/MultitouchSupport.framework/Versions/A/MultitouchSupport
0x00007fff3d5fb000 	/System/Library/Frameworks/IOKit.framework/Versions/A/IOKit
0x00007fff6381c000 	/usr/lib/libDiagnosticMessagesClient.dylib
0x00007fff3bf16000 	/System/Library/Frameworks/CoreServices.framework/Versions/A/CoreServices
0x00007fff5b521000 	/System/Library/PrivateFrameworks/PerformanceAnalysis.framework/Versions/A/PerformanceAnalysis
0x00007fff44951000 	/System/Library/Frameworks/OpenGL.framework/Versions/A/OpenGL
0x00007fff3a45a000 	/System/Library/Frameworks/ColorSync.framework/Versions/A/ColorSync
0x00007fff3b798000 	/System/Library/Frameworks/CoreImage.framework/Versions/A/CoreImage
0x00007fff3c8ee000 	/System/Library/Frameworks/CoreText.framework/Versions/A/CoreText
0x00007fff3d6ef000 	/System/Library/Frameworks/ImageIO.framework/Versions/A/ImageIO
0x00007fff4ba13000 	/System/Library/PrivateFrameworks/Backup.framework/Versions/A/Backup
0x00007fff63d03000 	/usr/lib/libarchive.2.dylib
0x00007fff39b94000 	/System/Library/Frameworks/CFNetwork.framework/Versions/A/CFNetwork
0x00007fff4694b000 	/System/Library/Frameworks/SystemConfiguration.framework/Versions/A/SystemConfiguration
0x00007fff6374d000 	/usr/lib/libCRFSuite.dylib
0x00007fff63e9f000 	/usr/lib/libc++.1.dylib
0x00007fff63ef3000 	/usr/lib/libc++abi.dylib
0x00007fff66af8000 	/usr/lib/system/libcache.dylib
0x00007fff66afd000 	/usr/lib/system/libcommonCrypto.dylib
0x00007fff66b08000 	/usr/lib/system/libcompiler_rt.dylib
0x00007fff66b10000 	/usr/lib/system/libcopyfile.dylib
0x00007fff66b1a000 	/usr/lib/system/libcorecrypto.dylib
0x00007fff66c25000 	/usr/lib/system/libdispatch.dylib
0x00007fff66c5f000 	/usr/lib/system/libdyld.dylib
0x00007fff66c8c000 	/usr/lib/system/libkeymgr.dylib
0x00007fff66c9a000 	/usr/lib/system/liblaunch.dylib
0x00007fff66c9b000 	/usr/lib/system/libmacho.dylib
0x00007fff66ca1000 	/usr/lib/system/libquarantine.dylib
0x00007fff66ca4000 	/usr/lib/system/libremovefile.dylib
0x00007fff66ca6000 	/usr/lib/system/libsystem_asl.dylib
0x00007fff66cbe000 	/usr/lib/system/libsystem_blocks.dylib
0x00007fff66cbf000 	/usr/lib/system/libsystem_c.dylib
0x00007fff66d47000 	/usr/lib/system/libsystem_configuration.dylib
0x00007fff66d4b000 	/usr/lib/system/libsystem_coreservices.dylib
0x00007fff66d4f000 	/usr/lib/system/libsystem_darwin.dylib
0x00007fff66d56000 	/usr/lib/system/libsystem_dnssd.dylib
0x00007fff66d5d000 	/usr/lib/system/libsystem_info.dylib
0x00007fff66dd2000 	/usr/lib/system/libsystem_m.dylib
0x00007fff66e1e000 	/usr/lib/system/libsystem_malloc.dylib
0x00007fff66e49000 	/usr/lib/system/libsystem_networkextension.dylib
0x00007fff66e54000 	/usr/lib/system/libsystem_notify.dylib
0x00007fff66e71000 	/usr/lib/system/libsystem_sandbox.dylib
0x00007fff66e75000 	/usr/lib/system/libsystem_secinit.dylib
0x00007fff66da9000 	/usr/lib/system/libsystem_kernel.dylib
0x00007fff66e5c000 	/usr/lib/system/libsystem_platform.dylib
0x00007fff66e66000 	/usr/lib/system/libsystem_pthread.dylib
0x00007fff66e78000 	/usr/lib/system/libsystem_symptoms.dylib
0x00007fff66e80000 	/usr/lib/system/libsystem_trace.dylib
0x00007fff66e97000 	/usr/lib/system/libunwind.dylib
0x00007fff66e9d000 	/usr/lib/system/libxpc.dylib
0x00007fff63e80000 	/usr/lib/libbsm.0.dylib
0x00007fff66c8d000 	/usr/lib/system/libkxld.dylib
0x00007fff4ae04000 	/System/Library/PrivateFrameworks/AppleFSCompression.framework/Versions/A/AppleFSCompression
0x00007fff63b1c000 	/usr/lib/libOpenScriptingUtil.dylib
0x00007fff641a8000 	/usr/lib/libcoretls.dylib
0x00007fff641bf000 	/usr/lib/libcoretls_cfhelpers.dylib
0x00007fff65c2a000 	/usr/lib/libpam.2.dylib
0x00007fff65dea000 	/usr/lib/libsqlite3.dylib
0x00007fff661e4000 	/usr/lib/libxar.1.dylib
0x00007fff63e91000 	/usr/lib/libbz2.1.0.dylib
0x00007fff64bff000 	/usr/lib/liblzma.5.dylib
0x00007fff650b0000 	/usr/lib/libnetwork.dylib
0x00007fff63cec000 	/usr/lib/libapple_nghttp2.dylib
0x00007fff65c31000 	/usr/lib/libpcap.A.dylib
0x00007fff3c2b5000 	/System/Library/Frameworks/CoreServices.framework/Versions/A/Frameworks/FSEvents.framework/Versions/A/FSEvents
0x00007fff3bf94000 	/System/Library/Frameworks/CoreServices.framework/Versions/A/Frameworks/CarbonCore.framework/Versions/A/CarbonCore
0x00007fff3c470000 	/System/Library/Frameworks/CoreServices.framework/Versions/A/Frameworks/Metadata.framework/Versions/A/Metadata
0x00007fff3c50f000 	/System/Library/Frameworks/CoreServices.framework/Versions/A/Frameworks/OSServices.framework/Versions/A/OSServices
0x00007fff3c55a000 	/System/Library/Frameworks/CoreServices.framework/Versions/A/Frameworks/SearchKit.framework/Versions/A/SearchKit
0x00007fff3bf17000 	/System/Library/Frameworks/CoreServices.framework/Versions/A/Frameworks/AE.framework/Versions/A/AE
0x00007fff3c2be000 	/System/Library/Frameworks/CoreServices.framework/Versions/A/Frameworks/LaunchServices.framework/Versions/A/LaunchServices
0x00007fff3c26c000 	/System/Library/Frameworks/CoreServices.framework/Versions/A/Frameworks/DictionaryServices.framework/Versions/A/DictionaryServices
0x00007fff3c5c2000 	/System/Library/Frameworks/CoreServices.framework/Versions/A/Frameworks/SharedFileList.framework/Versions/A/SharedFileList
0x00007fff4092c000 	/System/Library/Frameworks/NetFS.framework/Versions/A/NetFS
0x00007fff59acd000 	/System/Library/PrivateFrameworks/NetAuth.framework/Versions/A/NetAuth
0x00007fff63481000 	/System/Library/PrivateFrameworks/login.framework/Versions/A/Frameworks/loginsupport.framework/Versions/A/loginsupport
0x00007fff615a2000 	/System/Library/PrivateFrameworks/TCC.framework/Versions/A/TCC
0x00007fff4ea1e000 	/System/Library/PrivateFrameworks/CoreNLP.framework/Versions/A/CoreNLP
0x00007fff5953d000 	/System/Library/PrivateFrameworks/MetadataUtilities.framework/Versions/A/MetadataUtilities
0x00007fff64cd4000 	/usr/lib/libmecabra.dylib
0x00007fff390e0000 	/System/Library/Frameworks/ApplicationServices.framework/Versions/A/Frameworks/ATS.framework/Versions/A/ATS
0x00007fff3942f000 	/System/Library/Frameworks/ApplicationServices.framework/Versions/A/Frameworks/ColorSyncLegacy.framework/Versions/A/ColorSyncLegacy
0x00007fff394ce000 	/System/Library/Frameworks/ApplicationServices.framework/Versions/A/Frameworks/HIServices.framework/Versions/A/HIServices
0x00007fff39521000 	/System/Library/Frameworks/ApplicationServices.framework/Versions/A/Frameworks/LangAnalysis.framework/Versions/A/LangAnalysis
0x00007fff39531000 	/System/Library/Frameworks/ApplicationServices.framework/Versions/A/Frameworks/PrintCore.framework/Versions/A/PrintCore
0x00007fff3957b000 	/System/Library/Frameworks/ApplicationServices.framework/Versions/A/Frameworks/QD.framework/Versions/A/QD
0x00007fff395b5000 	/System/Library/Frameworks/ApplicationServices.framework/Versions/A/Frameworks/SpeechSynthesis.framework/Versions/A/SpeechSynthesis
0x00007fff63f1b000 	/usr/lib/libcompression.dylib
0x00007fff3fb34000 	/System/Library/Frameworks/MetalPerformanceShaders.framework/Versions/A/MetalPerformanceShaders
0x00007fff370bc000 	/System/Library/Frameworks/Accelerate.framework/Versions/A/Frameworks/vImage.framework/Versions/A/vImage
0x00007fff38136000 	/System/Library/Frameworks/Accelerate.framework/Versions/A/Frameworks/vecLib.framework/Versions/A/vecLib
0x00007fff38082000 	/System/Library/Frameworks/Accelerate.framework/Versions/A/Frameworks/vecLib.framework/Versions/A/libvMisc.dylib
0x00007fff37e9a000 	/System/Library/Frameworks/Accelerate.framework/Versions/A/Frameworks/vecLib.framework/Versions/A/libvDSP.dylib
0x00007fff37756000 	/System/Library/Frameworks/Accelerate.framework/Versions/A/Frameworks/vecLib.framework/Versions/A/libBLAS.dylib
0x00007fff37a43000 	/System/Library/Frameworks/Accelerate.framework/Versions/A/Frameworks/vecLib.framework/Versions/A/libLAPACK.dylib
0x00007fff37ded000 	/System/Library/Frameworks/Accelerate.framework/Versions/A/Frameworks/vecLib.framework/Versions/A/libLinearAlgebra.dylib
0x00007fff37e86000 	/System/Library/Frameworks/Accelerate.framework/Versions/A/Frameworks/vecLib.framework/Versions/A/libSparseBLAS.dylib
0x00007fff37e03000 	/System/Library/Frameworks/Accelerate.framework/Versions/A/Frameworks/vecLib.framework/Versions/A/libQuadrature.dylib
0x00007fff379d0000 	/System/Library/Frameworks/Accelerate.framework/Versions/A/Frameworks/vecLib.framework/Versions/A/libBNNS.dylib
0x00007fff37e09000 	/System/Library/Frameworks/Accelerate.framework/Versions/A/Frameworks/vecLib.framework/Versions/A/libSparse.dylib
0x00007fff55d6c000 	/System/Library/PrivateFrameworks/GPUWrangler.framework/Versions/A/GPUWrangler
0x00007fff5806c000 	/System/Library/PrivateFrameworks/IOAccelerator.framework/Versions/A/IOAccelerator
0x00007fff58077000 	/System/Library/PrivateFrameworks/IOPresentment.framework/Versions/A/IOPresentment
0x00007fff4f7f6000 	/System/Library/PrivateFrameworks/DSExternalDisplay.framework/Versions/A/DSExternalDisplay
0x00007fff43da8000 	/System/Library/Frameworks/OpenGL.framework/Versions/A/Libraries/libCoreFSCache.dylib
0x00007fff3f928000 	/System/Library/Frameworks/MetalPerformanceShaders.framework/Frameworks/MPSCore.framework/Versions/A/MPSCore
0x00007fff3f948000 	/System/Library/Frameworks/MetalPerformanceShaders.framework/Frameworks/MPSImage.framework/Versions/A/MPSImage
0x00007fff3f9ed000 	/System/Library/Frameworks/MetalPerformanceShaders.framework/Frameworks/MPSNeuralNetwork.framework/Versions/A/MPSNeuralNetwork
0x00007fff3f9c5000 	/System/Library/Frameworks/MetalPerformanceShaders.framework/Frameworks/MPSMatrix.framework/Versions/A/MPSMatrix
0x00007fff3fb19000 	/System/Library/Frameworks/MetalPerformanceShaders.framework/Frameworks/MPSRayIntersector.framework/Versions/A/MPSRayIntersector
0x00007fff59566000 	/System/Library/PrivateFrameworks/MetalTools.framework/Versions/A/MetalTools
0x00007fff4a6ae000 	/System/Library/PrivateFrameworks/AggregateDictionary.framework/Versions/A/AggregateDictionary
0x00007fff63afc000 	/usr/lib/libMobileGestalt.dylib
0x00007fff3ca51000 	/System/Library/Frameworks/CoreVideo.framework/Versions/A/CoreVideo
0x00007fff56b7d000 	/System/Library/PrivateFrameworks/GraphVisualizer.framework/Versions/A/GraphVisualizer
0x00007fff509fc000 	/System/Library/PrivateFrameworks/FaceCore.framework/Versions/A/FaceCore
0x00007fff433d6000 	/System/Library/Frameworks/OpenCL.framework/Versions/A/OpenCL
0x00007fff63854000 	/usr/lib/libFosl_dynamic.dylib
0x00007fff5a338000 	/System/Library/PrivateFrameworks/OTSVG.framework/Versions/A/OTSVG
0x00007fff391e4000 	/System/Library/Frameworks/ApplicationServices.framework/Versions/A/Frameworks/ATS.framework/Versions/A/Resources/libFontParser.dylib
0x00007fff392fc000 	/System/Library/Frameworks/ApplicationServices.framework/Versions/A/Frameworks/ATS.framework/Versions/A/Resources/libFontRegistry.dylib
0x00007fff3d95d000 	/System/Library/Frameworks/ImageIO.framework/Versions/A/Resources/libJPEG.dylib
0x00007fff3dc6f000 	/System/Library/Frameworks/ImageIO.framework/Versions/A/Resources/libTIFF.dylib
0x00007fff3dc45000 	/System/Library/Frameworks/ImageIO.framework/Versions/A/Resources/libPng.dylib
0x00007fff3d87b000 	/System/Library/Frameworks/ImageIO.framework/Versions/A/Resources/libGIF.dylib
0x00007fff3d880000 	/System/Library/Frameworks/ImageIO.framework/Versions/A/Resources/libJP2.dylib
0x00007fff3dc6c000 	/System/Library/Frameworks/ImageIO.framework/Versions/A/Resources/libRadiance.dylib
0x00007fff4af5b000 	/System/Library/PrivateFrameworks/AppleJPEG.framework/Versions/A/AppleJPEG
0x00007fff43db3000 	/System/Library/Frameworks/OpenGL.framework/Versions/A/Libraries/libGFXShared.dylib
0x00007fff43f76000 	/System/Library/Frameworks/OpenGL.framework/Versions/A/Libraries/libGLU.dylib
0x00007fff43dbc000 	/System/Library/Frameworks/OpenGL.framework/Versions/A/Libraries/libGL.dylib
0x00007fff43dc8000 	/System/Library/Frameworks/OpenGL.framework/Versions/A/Libraries/libGLImage.dylib
0x00007fff43da5000 	/System/Library/Frameworks/OpenGL.framework/Versions/A/Libraries/libCVMSPluginSupport.dylib
0x00007fff43dae000 	/System/Library/Frameworks/OpenGL.framework/Versions/A/Libraries/libCoreVMClient.dylib
0x00007fff6466c000 	/usr/lib/libcups.2.dylib
0x00007fff3ee2f000 	/System/Library/Frameworks/Kerberos.framework/Versions/A/Kerberos
0x00007fff3d35f000 	/System/Library/Frameworks/GSS.framework/Versions/A/GSS
0x00007fff65d7f000 	/usr/lib/libresolv.9.dylib
0x00007fff6485e000 	/usr/lib/libiconv.2.dylib
0x00007fff56cf2000 	/System/Library/PrivateFrameworks/Heimdal.framework/Versions/A/Heimdal
0x00007fff6482e000 	/usr/lib/libheimdal-asn1.dylib
0x00007fff4344a000 	/System/Library/Frameworks/OpenDirectory.framework/Versions/A/OpenDirectory
0x00007fff4d781000 	/System/Library/PrivateFrameworks/CommonAuth.framework/Versions/A/CommonAuth
0x00007fff4342e000 	/System/Library/Frameworks/OpenDirectory.framework/Versions/A/Frameworks/CFOpenDirectory.framework/Versions/A/CFOpenDirectory
0x00007fff464f0000 	/System/Library/Frameworks/SecurityFoundation.framework/Versions/A/SecurityFoundation
0x00007fff49bf4000 	/System/Library/PrivateFrameworks/APFS.framework/Versions/A/APFS
0x00007fff661e0000 	/usr/lib/libutil.dylib
0x00007fff63f09000 	/usr/lib/libcharset.1.dylib
0x00007fff4b1f8000 	/System/Library/PrivateFrameworks/AppleSauce.framework/Versions/A/AppleSauce
0x00007fff4b379000 	/System/Library/PrivateFrameworks/AssertionServices.framework/Versions/A/AssertionServices
0x00007fff4baa9000 	/System/Library/PrivateFrameworks/BaseBoard.framework/Versions/A/BaseBoard
0x00007fff64c2f000 	/usr/lib/libmecab.1.0.0.dylib
0x00007fff64828000 	/usr/lib/libgermantok.dylib
0x00007fff63cd9000 	/usr/lib/libThaiTokenizer.dylib
0x00007fff63784000 	/usr/lib/libChineseTokenizer.dylib
0x00007fff58724000 	/System/Library/PrivateFrameworks/LanguageModeling.framework/Versions/A/LanguageModeling
0x00007fff4e463000 	/System/Library/PrivateFrameworks/CoreEmoji.framework/Versions/A/CoreEmoji
0x00007fff58800000 	/System/Library/PrivateFrameworks/Lexicon.framework/Versions/A/Lexicon
0x00007fff58843000 	/System/Library/PrivateFrameworks/LinguisticData.framework/Versions/A/LinguisticData
0x00007fff63f0a000 	/usr/lib/libcmph.dylib
0x00007fff465ae000 	/System/Library/Frameworks/ServiceManagement.framework/Versions/A/ServiceManagement
0x00007fff4ba0a000 	/System/Library/PrivateFrameworks/BackgroundTaskManagement.framework/Versions/A/BackgroundTaskManagement
0x00007fff662d9000 	/usr/lib/libxslt.1.dylib
0x00007fff3a251000 	/System/Library/Frameworks/Carbon.framework/Versions/A/Frameworks/Ink.framework/Versions/A/Ink
0x00007fff61814000 	/System/Library/PrivateFrameworks/TextureIO.framework/Versions/A/TextureIO
0x00007fff63d2d000 	/usr/lib/libate.dylib
0x00007fff4f745000 	/System/Library/PrivateFrameworks/CrashReporterSupport.framework/Versions/A/CrashReporterSupport
0x00007fff5ef4e000 	/System/Library/PrivateFrameworks/Sharing.framework/Versions/A/Sharing
0x00007fff4b75c000 	/System/Library/PrivateFrameworks/AuthKit.framework/Versions/A/AuthKit
0x00007fff4acb0000 	/System/Library/PrivateFrameworks/Apple80211.framework/Versions/A/Apple80211
0x00007fff4f4ed000 	/System/Library/PrivateFrameworks/CoreUtils.framework/Versions/A/CoreUtils
0x00007fff3ca92000 	/System/Library/Frameworks/CoreWLAN.framework/Versions/A/CoreWLAN
0x00007fff3d48e000 	/System/Library/Frameworks/IOBluetooth.framework/Versions/A/IOBluetooth
0x00007fff5d3c2000 	/System/Library/PrivateFrameworks/ProtocolBuffer.framework/Versions/A/ProtocolBuffer
0x00007fff597c3000 	/System/Library/PrivateFrameworks/MobileKeyBag.framework/Versions/A/MobileKeyBag
0x00007fff4ed31000 	/System/Library/PrivateFrameworks/CorePhoneNumbers.framework/Versions/A/CorePhoneNumbers
0x00007fff4af0f000 	/System/Library/PrivateFrameworks/AppleIDAuthSupport.framework/Versions/A/AppleIDAuthSupport
0x00007fff586f7000 	/System/Library/PrivateFrameworks/KeychainCircle.framework/Versions/A/KeychainCircle
0x00007fff5d578000 	/System/Library/PrivateFrameworks/ROCKit.framework/Versions/A/ROCKit
0x00007fff4f6e1000 	/System/Library/PrivateFrameworks/CoreWiFi.framework/Versions/A/CoreWiFi
0x00007fff3a81f000 	/System/Library/Frameworks/CoreBluetooth.framework/Versions/A/CoreBluetooth
0x00007fff4f93c000 	/System/Library/PrivateFrameworks/DebugSymbols.framework/Versions/A/DebugSymbols
0x00007fff4f2ad000 	/System/Library/PrivateFrameworks/CoreSymbolication.framework/Versions/A/CoreSymbolication
0x00007fff6102f000 	/System/Library/PrivateFrameworks/Symbolication.framework/Versions/A/Symbolication
0x00007fff608d2000 	/System/Library/PrivateFrameworks/SpeechRecognitionCore.framework/Versions/A/SpeechRecognitionCore
0x000000010dc00000 	/Library/Java/JavaVirtualMachines/jdk1.8.0_181.jdk/Contents/Home/jre/lib/server/libjvm.dylib
0x00007fff660bb000 	/usr/lib/libstdc++.6.dylib
0x000000010d37f000 	/Library/Java/JavaVirtualMachines/jdk1.8.0_181.jdk/Contents/Home/jre/lib/libverify.dylib
0x000000010d38d000 	/Library/Java/JavaVirtualMachines/jdk1.8.0_181.jdk/Contents/Home/jre/lib/libjava.dylib
0x000000010d3cd000 	/Library/Java/JavaVirtualMachines/jdk1.8.0_181.jdk/Contents/Home/jre/lib/libzip.dylib
0x000000011303d000 	/Library/Java/JavaVirtualMachines/jdk1.8.0_181.jdk/Contents/Home/jre/lib/libawt.dylib
0x00000001130e7000 	/Library/Java/JavaVirtualMachines/jdk1.8.0_181.jdk/Contents/Home/jre/lib/./libmlib_image.dylib
0x00007fff3ee18000 	/System/Library/Frameworks/JavaVM.framework/Versions/A/Frameworks/JavaNativeFoundation.framework/Versions/A/JavaNativeFoundation
0x00007fff3ee21000 	/System/Library/Frameworks/JavaVM.framework/Versions/A/Frameworks/JavaRuntimeSupport.framework/Versions/A/JavaRuntimeSupport
0x00007fff3ee2a000 	/System/Library/Frameworks/JavaVM.framework/Versions/A/JavaVM
0x00007fff58616000 	/System/Library/PrivateFrameworks/JavaLaunching.framework/Versions/A/JavaLaunching
0x00007fff39f4a000 	/System/Library/Frameworks/Carbon.framework/Versions/A/Carbon
0x00007fff39f4b000 	/System/Library/Frameworks/Carbon.framework/Versions/A/Frameworks/CommonPanels.framework/Versions/A/CommonPanels
0x00007fff3a247000 	/System/Library/Frameworks/Carbon.framework/Versions/A/Frameworks/Help.framework/Versions/A/Help
0x00007fff3a24b000 	/System/Library/Frameworks/Carbon.framework/Versions/A/Frameworks/ImageCapture.framework/Versions/A/ImageCapture
0x00007fff3a2e7000 	/System/Library/Frameworks/Carbon.framework/Versions/A/Frameworks/OpenScripting.framework/Versions/A/OpenScripting
0x00007fff3a31f000 	/System/Library/Frameworks/Carbon.framework/Versions/A/Frameworks/Print.framework/Versions/A/Print
0x00007fff3a321000 	/System/Library/Frameworks/Carbon.framework/Versions/A/Frameworks/SecurityHI.framework/Versions/A/SecurityHI
0x00000001131b3000 	/Library/Java/JavaVirtualMachines/jdk1.8.0_181.jdk/Contents/Home/jre/lib/libawt_lwawt.dylib
0x000000011326d000 	/Library/Java/JavaVirtualMachines/jdk1.8.0_181.jdk/Contents/Home/jre/lib/./libosxapp.dylib
0x00007fff3cf1c000 	/System/Library/Frameworks/ExceptionHandling.framework/Versions/A/ExceptionHandling
0x00007fff4eeb5000 	/System/Library/PrivateFrameworks/CoreServicesInternal.framework/Versions/A/CoreServicesInternal
0x00007fff2f422000 	/System/Library/CoreServices/RawCamera.bundle/Contents/MacOS/RawCamera
0x00007fff5960a000 	/System/Library/PrivateFrameworks/MobileAsset.framework/Versions/A/MobileAsset
0x00007fff60f7d000 	/System/Library/PrivateFrameworks/StreamingZip.framework/Versions/A/StreamingZip
0x00007fff3f1bc000 	/System/Library/Frameworks/MediaToolbox.framework/Versions/A/MediaToolbox
0x00007fff4e007000 	/System/Library/PrivateFrameworks/CoreAVCHD.framework/Versions/A/CoreAVCHD
0x00007fff3f102000 	/System/Library/Frameworks/MediaAccessibility.framework/Versions/A/MediaAccessibility
0x00007fff59066000 	/System/Library/PrivateFrameworks/Mangrove.framework/Versions/A/Mangrove
0x00007fff3bdb5000 	/System/Library/Frameworks/CoreMedia.framework/Versions/A/CoreMedia
0x00007fff46c17000 	/System/Library/Frameworks/VideoToolbox.framework/Versions/A/VideoToolbox
0x00007fff4dc23000 	/System/Library/PrivateFrameworks/CoreAUC.framework/Versions/A/CoreAUC
0x00007fff65de8000 	/usr/lib/libspindump.dylib
0x00007fff4b2de000 	/System/Library/PrivateFrameworks/AppleVA.framework/Versions/A/AppleVA
0x00007fff370a5000 	/System/Library/Frameworks/Accelerate.framework/Versions/A/Frameworks/vImage.framework/Versions/A/Libraries/libCGInterfaces.dylib
0x00007fff39398000 	/System/Library/Frameworks/ApplicationServices.framework/Versions/A/Frameworks/ATS.framework/Versions/A/Resources/libTrueTypeScaler.dylib
0x00007fff333fe000 	/System/Library/Extensions/AppleIntelHD5000GraphicsMTLDriver.bundle/Contents/MacOS/AppleIntelHD5000GraphicsMTLDriver
0x00007fff546cb000 	/System/Library/PrivateFrameworks/GPUCompiler.framework/Versions/3902/Libraries/libmetal_timestamp.dylib
0x00007fff50e21000 	/System/Library/PrivateFrameworks/FamilyControls.framework/Versions/A/FamilyControls
0x00007fff4d774000 	/System/Library/PrivateFrameworks/CommerceKit.framework/Versions/A/Frameworks/CommerceCore.framework/Versions/A/CommerceCore
0x00007fff61302000 	/System/Library/PrivateFrameworks/SystemAdministration.framework/Versions/A/SystemAdministration
0x00007fff4abb1000 	/System/Library/PrivateFrameworks/AppContainer.framework/Versions/A/AppContainer
0x00007fff4abcd000 	/System/Library/PrivateFrameworks/AppSandbox.framework/Versions/A/AppSandbox
0x00007fff5edef000 	/System/Library/PrivateFrameworks/SecCodeWrapper.framework/Versions/A/SecCodeWrapper
0x00007fff65d99000 	/usr/lib/libsandbox.1.dylib
0x00007fff63acb000 	/usr/lib/libMatch.1.dylib
0x00007fff4fcc1000 	/System/Library/PrivateFrameworks/DiskManagement.framework/Versions/A/DiskManagement
0x00007fff3cc98000 	/System/Library/Frameworks/DirectoryService.framework/Versions/A/DirectoryService
0x00007fff4fbf2000 	/System/Library/PrivateFrameworks/DiskImages.framework/Versions/A/DiskImages
0x00007fff5893c000 	/System/Library/PrivateFrameworks/LoginUIKit.framework/Versions/A/Frameworks/LoginUICore.framework/Versions/A/LoginUICore
0x00007fff6378f000 	/usr/lib/libCoreStorage.dylib
0x00007fff64659000 	/usr/lib/libcsfde.dylib
0x00007fff65c19000 	/usr/lib/libodfde.dylib
0x00007fff5917e000 	/System/Library/PrivateFrameworks/MediaKit.framework/Versions/A/MediaKit
0x00007fff3cca4000 	/System/Library/Frameworks/DiscRecording.framework/Versions/A/DiscRecording
0x00007fff4fe35000 	/System/Library/PrivateFrameworks/EFILogin.framework/Versions/A/EFILogin
0x00007fff5d36d000 	/System/Library/PrivateFrameworks/ProtectedCloudStorage.framework/Versions/A/ProtectedCloudStorage
0x00007fff646eb000 	/usr/lib/libcurl.4.dylib
0x00007fff64558000 	/usr/lib/libcrypto.42.dylib
0x00007fff6608b000 	/usr/lib/libssl.44.dylib
0x00007fff3ee49000 	/System/Library/Frameworks/LDAP.framework/Versions/A/LDAP
0x00007fff61992000 	/System/Library/PrivateFrameworks/TrustEvaluationAgent.framework/Versions/A/TrustEvaluationAgent
0x00007fff65dd5000 	/usr/lib/libsasl2.2.dylib
0x00007fff4e260000 	/System/Library/PrivateFrameworks/CoreDaemon.framework/Versions/B/CoreDaemon
0x00007fff4b1f3000 	/System/Library/PrivateFrameworks/AppleSRP.framework/Versions/A/AppleSRP
0x00007fff627cc000 	/System/Library/PrivateFrameworks/ViewBridge.framework/Versions/A/ViewBridge
0x000000012680e000 	/Library/Java/JavaVirtualMachines/jdk1.8.0_181.jdk/Contents/Home/jre/lib/libfontmanager.dylib
0x00007fff44961000 	/System/Library/Frameworks/OpenGL.framework/Versions/A/Resources/GLEngine.bundle/GLEngine
0x00007fff43e03000 	/System/Library/Frameworks/OpenGL.framework/Versions/A/Libraries/libGLProgrammability.dylib
0x00007fff32eeb000 	/System/Library/Extensions/AppleIntelHD5000GraphicsGLDriver.bundle/Contents/MacOS/AppleIntelHD5000GraphicsGLDriver
0x00007fff55d60000 	/System/Library/PrivateFrameworks/GPUSupport.framework/Versions/A/Libraries/libGPUSupportMercury.dylib
0x00007fff44af9000 	/System/Library/Frameworks/OpenGL.framework/Versions/A/Resources/GLRendererFloat.bundle/GLRendererFloat
0x00007fff433cd000 	/System/Library/Frameworks/OpenCL.framework/Versions/A/Libraries/libcldcpuengine.dylib
0x00007fff6435e000 	/usr/lib/libcrypto.35.dylib
0x00000001271be000 	/Library/Java/JavaVirtualMachines/jdk1.8.0_181.jdk/Contents/Home/jre/lib/libosxui.dylib
0x0000000127be3000 	/usr/lib/libobjc-trampolines.dylib
0x0000000129506000 	/Library/Java/JavaVirtualMachines/jdk1.8.0_181.jdk/Contents/Home/jre/lib/libnet.dylib
0x0000000129565000 	/Library/Java/JavaVirtualMachines/jdk1.8.0_181.jdk/Contents/Home/jre/lib/libnio.dylib
0x00007fff4a311000 	/System/Library/PrivateFrameworks/AccessibilityBundles.framework/Versions/A/AccessibilityBundles

VM Arguments:
jvm_args: -Dfile.encoding=UTF-8 
java_command: Vista.FrmProducto
java_class_path (initial): /Users/mac/eclipse-workspace/Datos2/bin:/Users/mac/Desktop/mysql-connector-java-8.0.17.jar
Launcher Type: SUN_STANDARD

Environment Variables:
PATH=/usr/bin:/bin:/usr/sbin:/sbin
SHELL=/bin/bash

Signal Handlers:
SIGSEGV: [libjvm.dylib+0x5b6029], sa_mask[0]=11111111011111110111111111111111, sa_flags=SA_ONSTACK|SA_RESTART|SA_SIGINFO
SIGBUS: [libjvm.dylib+0x5b6029], sa_mask[0]=11111111011111110111111111111111, sa_flags=SA_RESTART|SA_SIGINFO
SIGFPE: [libjvm.dylib+0x48b934], sa_mask[0]=11111111011111110111111111111111, sa_flags=SA_RESTART|SA_SIGINFO
SIGPIPE: [libjvm.dylib+0x48b934], sa_mask[0]=11111111011111110111111111111111, sa_flags=SA_RESTART|SA_SIGINFO
SIGXFSZ: [libjvm.dylib+0x48b934], sa_mask[0]=11111111011111110111111111111111, sa_flags=SA_RESTART|SA_SIGINFO
SIGILL: [libjvm.dylib+0x48b934], sa_mask[0]=11111111011111110111111111111111, sa_flags=SA_RESTART|SA_SIGINFO
SIGUSR1: SIG_DFL, sa_mask[0]=00000000000000000000000000000000, sa_flags=none
SIGUSR2: [libjvm.dylib+0x48b452], sa_mask[0]=00100000000000000000000000000000, sa_flags=SA_RESTART|SA_SIGINFO
SIGHUP: [libjvm.dylib+0x489a1d], sa_mask[0]=11111111011111110111111111111111, sa_flags=SA_RESTART|SA_SIGINFO
SIGINT: [libjvm.dylib+0x489a1d], sa_mask[0]=11111111011111110111111111111111, sa_flags=SA_RESTART|SA_SIGINFO
SIGTERM: [libjvm.dylib+0x489a1d], sa_mask[0]=11111111011111110111111111111111, sa_flags=SA_RESTART|SA_SIGINFO
SIGQUIT: [libjvm.dylib+0x489a1d], sa_mask[0]=11111111011111110111111111111111, sa_flags=SA_RESTART|SA_SIGINFO


---------------  S Y S T E M  ---------------

OS:Bsduname:Darwin 18.7.0 Darwin Kernel Version 18.7.0: Tue Aug 20 16:57:14 PDT 2019; root:xnu-4903.271.2~2/RELEASE_X86_64 x86_64
rlimit: STACK 8192k, CORE 0k, NPROC 709, NOFILE 10240, AS infinity
load average:70.56 23.71 10.79

CPU:total 4 (initial active 4) (2 cores per cpu, 2 threads per core) family 6 model 69 stepping 1, cmov, cx8, fxsr, mmx, sse, sse2, sse3, ssse3, sse4.1, sse4.2, popcnt, avx, avx2, aes, clmul, erms, lzcnt, ht, tsc, tscinvbit, bmi1, bmi2

Memory: 4k page, physical 4194304k(40352k free)

/proc/meminfo:


vm_info: Java HotSpot(TM) 64-Bit Server VM (25.181-b13) for bsd-amd64 JRE (1.8.0_181-b13), built on Jul  7 2018 01:02:31 by "java_re" with gcc 4.2.1 (Based on Apple Inc. build 5658) (LLVM build 2336.11.00)

time: Fri Oct  4 22:44:45 2019
elapsed time: 10691 seconds (0d 2h 58m 11s)

